2025-04-09 13:33:52,103 - INFO - Verwende Configdatei: config_video_monitor0.ini
2025-04-09 13:33:52,103 - INFO - Keine Zugangsdaten für MQTT-Broker gesetzt
2025-04-09 13:33:52,107 - INFO - Verbindung zum MQTT Broker mqtt:1883 hergestellt
2025-04-09 13:33:52,107 - INFO - Player gestartet und wartet auf MQTT-Nachrichten...
2025-04-09 13:33:52,108 - INFO - Verbunden mit Ergebniscode Success
2025-04-09 13:33:52,108 - INFO - Abonniere URL-Topics
2025-04-09 13:33:52,108 - INFO -    dssystem/video/all/all/url
2025-04-09 13:33:52,108 - INFO -    dssystem/video/escape-dev/all/url
2025-04-09 13:33:52,108 - INFO -    dssystem/video/all/0/url
2025-04-09 13:33:52,108 - INFO -    dssystem/video/escape-dev/0/url
2025-04-09 13:33:52,108 - INFO - Abonniere Control-Topics
2025-04-09 13:33:52,108 - INFO -    dssystem/video/all/all/control
2025-04-09 13:33:52,108 - INFO -    dssystem/video/escape-dev/all/control
2025-04-09 13:33:52,108 - INFO -    dssystem/video/all/0/control
2025-04-09 13:33:52,108 - INFO -    dssystem/video/escape-dev/0/control
2025-04-09 13:33:52,109 - INFO - Abonniere Seek-Topics
2025-04-09 13:33:52,109 - INFO -    dssystem/video/all/all/seek
2025-04-09 13:33:52,109 - INFO -    dssystem/video/escape-dev/all/seek
2025-04-09 13:33:52,109 - INFO -    dssystem/video/all/0/seek
2025-04-09 13:33:52,109 - INFO -    dssystem/video/escape-dev/0/seek
2025-04-09 13:34:03,272 - INFO - Nachricht empfangen auf dssystem/video/all/all/url: https://pluto/vids/hans.mp4
2025-04-09 13:34:03,272 - INFO - Mode: video
2025-04-09 13:34:03,274 - INFO - Starte Wiedergabe von: https://pluto/vids/hans.mp4
2025-04-09 13:59:34,322 - INFO - Nachricht empfangen auf dssystem/video/all/all/control: pause
2025-04-09 13:59:34,322 - INFO - Wiedergabe pausiert
